
Showing logs for build [32mcb-kubecd-environment-pr-195-26-sxdb4-1[0m stage [32mfrom-build-pack[0m and container [32mstep-credential-initializer-t8ks7[0m
{"level":"warn","ts":1586228202.62448,"logger":"fallback-logger","caller":"logging/config.go:69","msg":"Fetch GitHub commit ID from kodata failed: \"ref: refs/heads/0.8.0-**-support-backwards-incompats\" is not a valid GitHub commit ID"}
{"level":"info","ts":1586228202.6251817,"logger":"fallback-logger","caller":"creds-init/main.go:40","msg":"Credentials initialized."}

Showing logs for build [32mcb-kubecd-environment-pr-195-26-sxdb4-1[0m stage [32mfrom-build-pack[0m and container [32mstep-working-dir-initializer-svcdx[0m
{"level":"warn","ts":1586228203.9394565,"logger":"fallback-logger","caller":"logging/config.go:69","msg":"Fetch GitHub commit ID from kodata failed: open /var/run/ko/HEAD: no such file or directory"}
{"level":"info","ts":1586228203.9410002,"logger":"fallback-logger","caller":"bash/main.go:64","msg":"Successfully executed command \"sh -c mkdir -p /workspace/source\"; output "}

Showing logs for build [32mcb-kubecd-environment-pr-195-26-sxdb4-1[0m stage [32mfrom-build-pack[0m and container [32mstep-place-tools[0m

Showing logs for build [32mcb-kubecd-environment-pr-195-26-sxdb4-1[0m stage [32mfrom-build-pack[0m and container [32mstep-git-source-cb-kubecd-environment-pr-195-26-sxdb4-jbh5l[0m
{"level":"warn","ts":1586228229.0114233,"logger":"fallback-logger","caller":"logging/config.go:69","msg":"Fetch GitHub commit ID from kodata failed: \"ref: refs/heads/0.8.0-**-support-backwards-incompats\" is not a valid GitHub commit ID"}
{"level":"info","ts":1586228230.086773,"logger":"fallback-logger","caller":"git/git.go:103","msg":"Successfully cloned https://github.com/cb-kubecd/environment-pr-195-26-boot-gke-staging.git @ master in path /workspace/source"}

Showing logs for build [32mcb-kubecd-environment-pr-195-26-sxdb4-1[0m stage [32mfrom-build-pack[0m and container [32mstep-git-merge[0m
Using SHAs from PULL_REFS=master:6e5cf89500e3ca376e7e1888e05015c492c14eae,3:ba20f9f77c3a667db6f477b8a3cfaa26ca7b0686
DEBUG: LC_ALL=C JX_LOG_LEVEL=error git fetch origin --unshallow ba20f9f77c3a667db6f477b8a3cfaa26ca7b0686: 6e5cf89500e3ca376e7e1888e05015c492c14eae:
DEBUG: ran git fetch --unshallow origin ba20f9f77c3a667db6f477b8a3cfaa26ca7b0686: 6e5cf89500e3ca376e7e1888e05015c492c14eae: in 
DEBUG: LC_ALL=C JX_LOG_LEVEL=error git branch
DEBUG: JX_LOG_LEVEL=error LC_ALL=C git checkout master
DEBUG: ran git checkout master in 
DEBUG: LC_ALL=C JX_LOG_LEVEL=error git reset --hard 6e5cf89500e3ca376e7e1888e05015c492c14eae
DEBUG: ran git reset --hard 6e5cf89500e3ca376e7e1888e05015c492c14eae in 
DEBUG: LC_ALL=C JX_LOG_LEVEL=error git clean -fd .
DEBUG: ran clean --force -d . in 
DEBUG: LC_ALL=C JX_LOG_LEVEL=error git merge ba20f9f77c3a667db6f477b8a3cfaa26ca7b0686
DEBUG: ran git merge ba20f9f77c3a667db6f477b8a3cfaa26ca7b0686 in 
DEBUG: LC_ALL=C JX_LOG_LEVEL=error git log --format=%H%x1f%an%x1f%ae%x1f%cn%x1f%ce%x1f%s%n%b%x1e 6e5cf89500e3ca376e7e1888e05015c492c14eae..HEAD
Merged SHA ba20f9f77c3a667db6f477b8a3cfaa26ca7b0686 with commit message 'chore: Promote bdd-gh-1586227297 to version 0.0.1' into base branch master

Showing logs for build [32mcb-kubecd-environment-pr-195-26-sxdb4-1[0m stage [32mfrom-build-pack[0m and container [32mstep-build-helm-build[0m
WARNING: No $CHART_REPOSITORY defined so using the default value of: http://jenkins-x-chartmuseum:8080
Adding missing Helm repo: storage.googleapis.com https://storage.googleapis.com/chartmuseum.jenkins-x.io
WARNING: No secrets found on "helm/repos" due: reading the secret "helm/repos" from vault: no secret "helm/repos" not found in vault
Read credentials for https://storage.googleapis.com/chartmuseum.jenkins-x.io from vault helm/repos
Successfully added Helm repository storage.googleapis.com.
Adding missing Helm repo: jenkins-x-chartmuseum http://jenkins-x-chartmuseum:8080
WARNING: No secrets found on "helm/repos" due: reading the secret "helm/repos" from vault: no secret "helm/repos" not found in vault
Read credentials for http://jenkins-x-chartmuseum:8080 from vault helm/repos
Successfully added Helm repository jenkins-x-chartmuseum.
WARNING: No $CHART_REPOSITORY defined so using the default value of: http://jenkins-x-chartmuseum:8080
Adding missing Helm repo: chartmuseum.jenkins-x.io http://chartmuseum.jenkins-x.io
WARNING: No secrets found on "helm/repos" due: reading the secret "helm/repos" from vault: no secret "helm/repos" not found in vault
Read credentials for http://chartmuseum.jenkins-x.io from vault helm/repos
Successfully added Helm repository chartmuseum.jenkins-x.io.
