
Showing logs for build [32mcb-kubecd-environment-pr-195-26-nk2j2-1[0m stage [32mfrom-build-pack[0m and container [32mstep-credential-initializer-2559t[0m
{"level":"warn","ts":1586231367.724878,"logger":"fallback-logger","caller":"logging/config.go:69","msg":"Fetch GitHub commit ID from kodata failed: \"ref: refs/heads/0.8.0-**-support-backwards-incompats\" is not a valid GitHub commit ID"}
{"level":"info","ts":1586231367.7254672,"logger":"fallback-logger","caller":"creds-init/main.go:40","msg":"Credentials initialized."}

Showing logs for build [32mcb-kubecd-environment-pr-195-26-nk2j2-1[0m stage [32mfrom-build-pack[0m and container [32mstep-working-dir-initializer-5t99j[0m
{"level":"warn","ts":1586231368.722848,"logger":"fallback-logger","caller":"logging/config.go:69","msg":"Fetch GitHub commit ID from kodata failed: open /var/run/ko/HEAD: no such file or directory"}
{"level":"info","ts":1586231368.7244275,"logger":"fallback-logger","caller":"bash/main.go:64","msg":"Successfully executed command \"sh -c mkdir -p /workspace/source\"; output "}

Showing logs for build [32mcb-kubecd-environment-pr-195-26-nk2j2-1[0m stage [32mfrom-build-pack[0m and container [32mstep-place-tools[0m

Showing logs for build [32mcb-kubecd-environment-pr-195-26-nk2j2-1[0m stage [32mfrom-build-pack[0m and container [32mstep-git-source-cb-kubecd-environment-pr-195-26-nk2j2-xgnrm[0m
{"level":"warn","ts":1586231372.9369028,"logger":"fallback-logger","caller":"logging/config.go:69","msg":"Fetch GitHub commit ID from kodata failed: \"ref: refs/heads/0.8.0-**-support-backwards-incompats\" is not a valid GitHub commit ID"}
{"level":"info","ts":1586231373.9792728,"logger":"fallback-logger","caller":"git/git.go:103","msg":"Successfully cloned https://github.com/cb-kubecd/environment-pr-195-26-boot-gke-staging.git @ master in path /workspace/source"}

Showing logs for build [32mcb-kubecd-environment-pr-195-26-nk2j2-1[0m stage [32mfrom-build-pack[0m and container [32mstep-git-merge[0m
Using SHAs from PULL_REFS=master:3cc80c9f9545e4f0bfbf7712102784a51dda7bbe,8:9948b9056d6b686e3c5aa7f87164682e0cbc380f
DEBUG: LC_ALL=C JX_LOG_LEVEL=error git fetch origin --unshallow 9948b9056d6b686e3c5aa7f87164682e0cbc380f: 3cc80c9f9545e4f0bfbf7712102784a51dda7bbe:
DEBUG: ran git fetch --unshallow origin 9948b9056d6b686e3c5aa7f87164682e0cbc380f: 3cc80c9f9545e4f0bfbf7712102784a51dda7bbe: in 
DEBUG: LC_ALL=C JX_LOG_LEVEL=error git branch
DEBUG: LC_ALL=C JX_LOG_LEVEL=error git checkout master
DEBUG: ran git checkout master in 
DEBUG: LC_ALL=C JX_LOG_LEVEL=error git reset --hard 3cc80c9f9545e4f0bfbf7712102784a51dda7bbe
DEBUG: ran git reset --hard 3cc80c9f9545e4f0bfbf7712102784a51dda7bbe in 
DEBUG: JX_LOG_LEVEL=error LC_ALL=C git clean -fd .
DEBUG: ran clean --force -d . in 
DEBUG: LC_ALL=C JX_LOG_LEVEL=error git merge 9948b9056d6b686e3c5aa7f87164682e0cbc380f
DEBUG: ran git merge 9948b9056d6b686e3c5aa7f87164682e0cbc380f in 
DEBUG: LC_ALL=C JX_LOG_LEVEL=error git log --format=%H%x1f%an%x1f%ae%x1f%cn%x1f%ce%x1f%s%n%b%x1e 3cc80c9f9545e4f0bfbf7712102784a51dda7bbe..HEAD
Merged SHA 9948b9056d6b686e3c5aa7f87164682e0cbc380f with commit message 'chore: Promote bdd-ghf**y-import-1586229528 to version 0.0.1' into base branch master

Showing logs for build [32mcb-kubecd-environment-pr-195-26-nk2j2-1[0m stage [32mfrom-build-pack[0m and container [32mstep-build-helm-build[0m
WARNING: No $CHART_REPOSITORY defined so using the default value of: http://jenkins-x-chartmuseum:8080
Adding missing Helm repo: storage.googleapis.com https://storage.googleapis.com/chartmuseum.jenkins-x.io
WARNING: No secrets found on "helm/repos" due: reading the secret "helm/repos" from vault: no secret "helm/repos" not found in vault
Read credentials for https://storage.googleapis.com/chartmuseum.jenkins-x.io from vault helm/repos
Successfully added Helm repository storage.googleapis.com.
Adding missing Helm repo: jenkins-x-chartmuseum http://jenkins-x-chartmuseum:8080
WARNING: No secrets found on "helm/repos" due: reading the secret "helm/repos" from vault: no secret "helm/repos" not found in vault
Read credentials for http://jenkins-x-chartmuseum:8080 from vault helm/repos
Successfully added Helm repository jenkins-x-chartmuseum.
WARNING: No $CHART_REPOSITORY defined so using the default value of: http://jenkins-x-chartmuseum:8080
Adding missing Helm repo: chartmuseum.jenkins-x.io http://chartmuseum.jenkins-x.io
WARNING: No secrets found on "helm/repos" due: reading the secret "helm/repos" from vault: no secret "helm/repos" not found in vault
Read credentials for http://chartmuseum.jenkins-x.io from vault helm/repos
Successfully added Helm repository chartmuseum.jenkins-x.io.
